<?xml version="1.0" encoding="iso8859-1"?>
<info version="3">
   <passenger_version>6.0.4</passenger_version>
   <group_count>1</group_count>
   <process_count>1</process_count>
   <max>6</max>
   <capacity_used>1</capacity_used>
   <get_wait_list_size>0</get_wait_list_size>
   <supergroups>
      <supergroup>
         <name>/var/www/ood/apps/sys/dashboard (production)</name>
         <state>READY</state>
         <get_wait_list_size>0</get_wait_list_size>
         <capacity_used>1</capacity_used>
         <group default="true">
            <name>/var/www/ood/apps/sys/dashboard (production)</name>
            <component_name>/var/www/ood/apps/sys/dashboard (production)</component_name>
            <app_root>/var/www/ood/apps/sys/dashboard</app_root>
            <app_type>ruby</app_type>
            <environment>production</environment>
            <uuid>Qp5gmRPO07d035JZYT60</uuid>
            <enabled_process_count>1</enabled_process_count>
            <disabling_process_count>0</disabling_process_count>
            <disabled_process_count>0</disabled_process_count>
            <capacity_used>1</capacity_used>
            <get_wait_list_size>0</get_wait_list_size>
            <disable_wait_list_size>0</disable_wait_list_size>
            <processes_being_spawned>0</processes_being_spawned>
            <life_status>ALIVE</life_status>
            <user>lihaoran36</user>
            <uid>31738</uid>
            <group>PAS1602</group>
            <gid>6310</gid>
            <options>
               <app_root>/var/www/ood/apps/sys/dashboard</app_root>
               <app_group_name>/var/www/ood/apps/sys/dashboard (production)</app_group_name>
               <app_type>ruby</app_type>
               <start_command>/opt/ood/nginx_stage/bin/ruby /opt/rh/ondemand/root/usr/share/passenger/helper-scripts/rack-loader.rb</start_command>
               <startup_file>/var/www/ood/apps/sys/dashboard/config.ru</startup_file>
               <log_level>3</log_level>
               <start_timeout>90000</start_timeout>
               <environment>production</environment>
               <base_uri>/pun/sys/dashboard</base_uri>
               <spawn_method>direct</spawn_method>
               <default_user>lihaoran36</default_user>
               <default_group>PAS1602</default_group>
               <restart_dir>tmp</restart_dir>
               <integration_mode>nginx</integration_mode>
               <ruby>/opt/ood/nginx_stage/bin/ruby</ruby>
               <python>/opt/ood/nginx_stage/bin/python</python>
               <nodejs>/opt/ood/nginx_stage/bin/node</nodejs>
               <debugger>false</debugger>
               <api_key>L1oyuTiWHXCwaltD</api_key>
               <min_processes>0</min_processes>
               <max_processes>0</max_processes>
               <max_preloader_idle_time>300</max_preloader_idle_time>
               <max_out_of_band_work_instances>1</max_out_of_band_work_instances>
            </options>
            <processes>
               <process>
                  <pid>97830</pid>
                  <sticky_session_id>286958399</sticky_session_id>
                  <gupid>1939b49-9IvhZfZbUT</gupid>
                  <concurrency>1</concurrency>
                  <sessions>1</sessions>
                  <busyness>2147483647</busyness>
                  <processed>122</processed>
                  <spawner_creation_time>1587045661769480</spawner_creation_time>
                  <spawn_start_time>1587045661780327</spawn_start_time>
                  <spawn_end_time>1587045663595907</spawn_end_time>
                  <last_used>1587047064285763</last_used>
                  <last_used_desc>0s ago</last_used_desc>
                  <uptime>23m 21s</uptime>
                  <life_status>ALIVE</life_status>
                  <enabled>ENABLED</enabled>
                  <has_metrics>true</has_metrics>
                  <cpu>1</cpu>
                  <rss>93712</rss>
                  <pss>86509</pss>
                  <private_dirty>86388</private_dirty>
                  <swap>0</swap>
                  <real_memory>86388</real_memory>
                  <vmsize>441460</vmsize>
                  <process_group_id>97762</process_group_id>
                  <command>ruby /opt/rh/ondemand/root/usr/share/passenger/helper-scripts/rack-loader.rb</command>
               </process>
            </processes>
         </group>
      </supergroup>
   </supergroups>
</info>
